<?xml version="1.0" encoding="UTF-8"?>
<testsuite name="com.jrodriguesaugusto.testes.service.CalculoValorLocacaoTest" tests="6" skipped="0" failures="0" errors="0" timestamp="2019-04-25T12:24:10" hostname="LAPTOP-5IOH8A39" time="0.118">
  <properties/>
  <testcase name="deveCalcularValorLocacaoConsiderandoDescontos[2 Filmes: Sem Desconto]" classname="com.jrodriguesaugusto.testes.service.CalculoValorLocacaoTest" time="0.111"/>
  <testcase name="deveCalcularValorLocacaoConsiderandoDescontos[3 Filmes: 25%]" classname="com.jrodriguesaugusto.testes.service.CalculoValorLocacaoTest" time="0.001"/>
  <testcase name="deveCalcularValorLocacaoConsiderandoDescontos[4 Filmes: 50%]" classname="com.jrodriguesaugusto.testes.service.CalculoValorLocacaoTest" time="0.001"/>
  <testcase name="deveCalcularValorLocacaoConsiderandoDescontos[5 Filmes: 75%]" classname="com.jrodriguesaugusto.testes.service.CalculoValorLocacaoTest" time="0.001"/>
  <testcase name="deveCalcularValorLocacaoConsiderandoDescontos[6 Filmes: 100%]" classname="com.jrodriguesaugusto.testes.service.CalculoValorLocacaoTest" time="0.002"/>
  <testcase name="deveCalcularValorLocacaoConsiderandoDescontos[7 Filmes: Sem Desconto]" classname="com.jrodriguesaugusto.testes.service.CalculoValorLocacaoTest" time="0.001"/>
  <system-out><![CDATA[]]></system-out>
  <system-err><![CDATA[]]></system-err>
</testsuite>
